0 info it worked if it ends with ok
1 verbose cli [ 'node', '/usr/local/bin/npm', 'run', 'docs' ]
2 info using npm@1.4.28
3 info using node@v0.10.38
4 verbose run-script [ 'predocs', 'docs', 'postdocs' ]
5 info predocs pngjs-image@0.11.1
6 info docs pngjs-image@0.11.1
7 verbose unsafe-perm in lifecycle true
8 info pngjs-image@0.11.1 Failed to exec docs script
9 error pngjs-image@0.11.1 docs: `yuidoc .`
9 error Exit status 1
10 error Failed at the pngjs-image@0.11.1 docs script.
10 error This is most likely a problem with the pngjs-image package,
10 error not with npm itself.
10 error Tell the author that this fails on your system:
10 error     yuidoc .
10 error You can get their info via:
10 error     npm owner ls pngjs-image
10 error There is likely additional logging output above.
11 error System Darwin 14.1.0
12 error command "node" "/usr/local/bin/npm" "run" "docs"
13 error cwd /Users/erz/code/yahoo/pngjs-image
14 error node -v v0.10.38
15 error npm -v 1.4.28
16 error code ELIFECYCLE
17 verbose exit [ 1, true ]
